<?xml version="1.0" encoding="UTF-8"?>
<!-- Generated by org.testng.reporters.JUnitReportReporter -->
<testsuite hostname="LAPTOP-9OAKA2JF" failures="0" tests="6" name="TestClass.PropertySearch" time="226.938" errors="0" timestamp="2021-05-14T16:45:48 NZST" skipped="0">
  <testcase classname="TestClass.PropertySearch" name="navigationTest" time="26.092"/>
  <system-out>
Search Box is Located Value Entered in Search Field is :Auckland Value from the Search Drop down is selected  Search Result Page Navigation is Successful  </system-out>
  <testcase classname="TestClass.PropertySearch" name="navigationTest" time="38.208"/>
  <system-out>
Search Box is Located Value Entered in Search Field is :Petone Value from the Search Drop down is selected  Search Result Page Navigation is Successful  </system-out>
  <testcase classname="TestClass.PropertySearch" name="navigationTest" time="37.511"/>
  <system-out>
Search Box is Located Value Entered in Search Field is :45 Puru Crescent Value from the Search Drop down is selected  Search Result Page Navigation is Successful  </system-out>
  <testcase classname="TestClass.PropertySearch" name="navigationTest" time="30.365"/>
  <system-out>
Search Box is Located Value Entered in Search Field is :45 Puru Crescent Value from the Search Drop down is selected  Search Result Page Navigation is Successful  </system-out>
  <testcase classname="TestClass.PropertySearch" name="navigationTest" time="64.140"/>
  <system-out>
Search Box is Located Value Entered in Search Field is :Auckland Value from the Search Drop down is selected  Search Result Page Navigation is Successful  </system-out>
  <testcase classname="TestClass.PropertySearch" name="navigationTest" time="30.622"/>
  <system-out>
Search Box is Located Value Entered in Search Field is :Petone Value from the Search Drop down is selected  Search Result Page Navigation is Successful  </system-out>
</testsuite> <!-- TestClass.PropertySearch -->
